<?xml version="1.0" encoding="UTF-8"?>
<!-- Generated by org.testng.reporters.JUnitReportReporter -->
<testsuite hostname="DESKTOP-G0IBNG4" failures="0" tests="2" name="orangehrmtestlogin.EmptyUsernameFieldWithCorrectOrIncorrectPassword" time="36.805" errors="0" timestamp="2024-03-18T16:31:18 IST" skipped="0">
  <testcase classname="orangehrmtestlogin.EmptyUsernameFieldWithCorrectOrIncorrectPassword" name="testEmptyPasswordWithCorrectUsername" time="19.714"/>
  <system-out/>
  <testcase classname="orangehrmtestlogin.EmptyUsernameFieldWithCorrectOrIncorrectPassword" name="testEmptyPasswordWithIncorrectUsername" time="17.091"/>
  <system-out/>
</testsuite> <!-- orangehrmtestlogin.EmptyUsernameFieldWithCorrectOrIncorrectPassword -->
