<?xml version="1.0" encoding="UTF-8"?>
<!-- Generated by org.testng.reporters.JUnitReportReporter -->
<testsuite hostname="DESKTOP-G0IBNG4" failures="0" tests="2" name="orangehrmtestlogin.EmptyPasswordField" time="19.331" errors="0" timestamp="2024-03-06T12:49:37 IST" skipped="0">
  <testcase classname="orangehrmtestlogin.EmptyPasswordField" name="testEmptyPasswordWithCorrectUsername" time="9.604"/>
  <system-out/>
  <testcase classname="orangehrmtestlogin.EmptyPasswordField" name="testEmptyPasswordWithIncorrectUsername" time="9.727"/>
  <system-out/>
</testsuite> <!-- orangehrmtestlogin.EmptyPasswordField -->
