<?xml version="1.0" encoding="UTF-8"?>
<!-- Generated by org.testng.reporters.JUnitReportReporter -->
<testsuite hostname="DESKTOP-G0IBNG4" failures="0" tests="1" name="orangehrmtestlogin.ForgotAndResetPasswordFunctionalityTest" time="9.265" errors="0" timestamp="2024-03-06T17:05:27 IST" skipped="0">
  <testcase classname="orangehrmtestlogin.ForgotAndResetPasswordFunctionalityTest" name="testValidUsernameInvalidPassword" time="9.265"/>
  <system-out/>
</testsuite> <!-- orangehrmtestlogin.ForgotAndResetPasswordFunctionalityTest -->
