<?xml version="1.0" encoding="UTF-8"?>
<!-- Generated by org.testng.reporters.JUnitReportReporter -->
<testsuite hostname="DESKTOP-G0IBNG4" failures="0" tests="2" name="orangehrmtestlogin.EmptyUsernameFieldWithCorrectOrIncorrectPassword" time="35.288" errors="0" timestamp="2024-03-13T18:21:30 IST" skipped="0">
  <testcase classname="orangehrmtestlogin.EmptyUsernameFieldWithCorrectOrIncorrectPassword" name="testEmptyPasswordWithCorrectUsername" time="18.688"/>
  <system-out/>
  <testcase classname="orangehrmtestlogin.EmptyUsernameFieldWithCorrectOrIncorrectPassword" name="testEmptyPasswordWithIncorrectUsername" time="16.600"/>
  <system-out/>
</testsuite> <!-- orangehrmtestlogin.EmptyUsernameFieldWithCorrectOrIncorrectPassword -->
