<?xml version="1.0" encoding="UTF-8"?>
<!-- Generated by org.testng.reporters.JUnitReportReporter -->
<testsuite hostname="DESKTOP-G0IBNG4" failures="0" tests="1" name="orangehrmtestlogin.InvalidUsernameAndInvalidPasswordLoginTest" time="10.139" errors="0" timestamp="2024-03-07T10:10:07 IST" skipped="0">
  <testcase classname="orangehrmtestlogin.InvalidUsernameAndInvalidPasswordLoginTest" name="testInvalidUsernameInvalidPassword" time="10.139"/>
  <system-out/>
</testsuite> <!-- orangehrmtestlogin.InvalidUsernameAndInvalidPasswordLoginTest -->
