<?xml version="1.0" encoding="UTF-8"?>
<!-- Generated by org.testng.reporters.JUnitReportReporter -->
<testsuite hostname="DESKTOP-G0IBNG4" failures="0" tests="1" name="orangehrmtestlogin.ForgotPasswordLinkTest" time="6.642" errors="0" timestamp="2024-03-06T16:42:55 IST" skipped="0">
  <testcase classname="orangehrmtestlogin.ForgotPasswordLinkTest" name="testForgotPasswordButton" time="6.642"/>
  <system-out/>
</testsuite> <!-- orangehrmtestlogin.ForgotPasswordLinkTest -->
