<?xml version="1.0" encoding="UTF-8"?>
<!-- Generated by org.testng.reporters.JUnitReportReporter -->
<testsuite hostname="DESKTOP-G0IBNG4" failures="0" tests="2" name="orangehrmtestlogin.EmptyPasswordFieldWithCorrectOrIncorrectUsername" time="34.055" errors="0" timestamp="2024-03-18T16:02:09 IST" skipped="0">
  <testcase classname="orangehrmtestlogin.EmptyPasswordFieldWithCorrectOrIncorrectUsername" name="testEmptyPasswordWithCorrectUsername" time="17.242"/>
  <system-out/>
  <testcase classname="orangehrmtestlogin.EmptyPasswordFieldWithCorrectOrIncorrectUsername" name="testEmptyPasswordWithIncorrectUsername" time="16.813"/>
  <system-out/>
</testsuite> <!-- orangehrmtestlogin.EmptyPasswordFieldWithCorrectOrIncorrectUsername -->
