<?xml version="1.0" encoding="UTF-8"?>
<!-- Generated by org.testng.reporters.JUnitReportReporter -->
<testsuite hostname="DESKTOP-G0IBNG4" failures="0" tests="1" name="orangehrmtestlogin.InvalidUsernameAndValidPasswordLoginTest" time="12.300" errors="0" timestamp="2024-03-13T15:52:18 IST" skipped="0">
  <testcase classname="orangehrmtestlogin.InvalidUsernameAndValidPasswordLoginTest" name="testInvalidUsernameAndValidPassword" time="12.300"/>
  <system-out/>
</testsuite> <!-- orangehrmtestlogin.InvalidUsernameAndValidPasswordLoginTest -->
