<?xml version="1.0" encoding="UTF-8"?>
<!-- Generated by org.testng.reporters.JUnitReportReporter -->
<testsuite hostname="DESKTOP-G0IBNG4" failures="0" tests="1" name="orangehrmtestlogin.AllEmptyFieldsTest" time="12.493" errors="0" timestamp="2024-03-15T10:34:26 IST" skipped="0">
  <testcase classname="orangehrmtestlogin.AllEmptyFieldsTest" name="testInvalidUsernameValidPassword" time="12.493"/>
  <system-out/>
</testsuite> <!-- orangehrmtestlogin.AllEmptyFieldsTest -->
