<?xml version="1.0" encoding="UTF-8"?>
<!-- Generated by org.testng.reporters.JUnitReportReporter -->
<testsuite hostname="DESKTOP-G0IBNG4" failures="0" tests="1" name="orangehrmtestlogin.ValidUsernameAndInvalidPasswordLoginTest" time="9.561" errors="0" timestamp="2024-03-06T12:00:21 IST" skipped="0">
  <testcase classname="orangehrmtestlogin.ValidUsernameAndInvalidPasswordLoginTest" name="testValidUsernameInvalidPassword" time="9.561"/>
  <system-out/>
</testsuite> <!-- orangehrmtestlogin.ValidUsernameAndInvalidPasswordLoginTest -->
