<?xml version="1.0" encoding="UTF-8"?>
<!-- Generated by org.testng.reporters.JUnitReportReporter -->
<testsuite hostname="DESKTOP-G0IBNG4" failures="0" tests="1" name="orangehrmtestlogin.InvalidUsernameAndInvalidPasswordLoginTest" time="12.468" errors="0" timestamp="2024-03-13T18:21:55 IST" skipped="0">
  <testcase classname="orangehrmtestlogin.InvalidUsernameAndInvalidPasswordLoginTest" name="testInvalidUsernameAndInvalidPassword" time="12.468"/>
  <system-out/>
</testsuite> <!-- orangehrmtestlogin.InvalidUsernameAndInvalidPasswordLoginTest -->
