<?xml version="1.0" encoding="UTF-8"?>
<!-- Generated by org.testng.reporters.JUnitReportReporter -->
<testsuite hostname="DESKTOP-G0IBNG4" failures="0" tests="2" name="orangehrmtestlogin.EmptyPasswordFieldWithCorrectOrIncorrectUsername" time="18.980" errors="0" timestamp="2024-03-07T11:47:41 IST" skipped="0">
  <testcase classname="orangehrmtestlogin.EmptyPasswordFieldWithCorrectOrIncorrectUsername" name="testEmptyPasswordWithCorrectUsername" time="9.480"/>
  <system-out/>
  <testcase classname="orangehrmtestlogin.EmptyPasswordFieldWithCorrectOrIncorrectUsername" name="testEmptyPasswordWithIncorrectUsername" time="9.500"/>
  <system-out/>
</testsuite> <!-- orangehrmtestlogin.EmptyPasswordFieldWithCorrectOrIncorrectUsername -->
