<?xml version="1.0" encoding="UTF-8"?>
<!-- Generated by org.testng.reporters.JUnitReportReporter -->
<testsuite hostname="DESKTOP-G0IBNG4" failures="0" tests="1" name="orangehrmtestlogin.InvalidUsernameAndInvalidPasswordLoginTest" time="9.513" errors="0" timestamp="2024-03-06T11:59:07 IST" skipped="0">
  <testcase classname="orangehrmtestlogin.InvalidUsernameAndInvalidPasswordLoginTest" name="testInvalidUsernameInvalidPassword" time="9.513"/>
  <system-out/>
</testsuite> <!-- orangehrmtestlogin.InvalidUsernameAndInvalidPasswordLoginTest -->
