<?xml version="1.0" encoding="UTF-8"?>
<!-- Generated by org.testng.reporters.JUnitReportReporter -->
<testsuite hostname="DESKTOP-G0IBNG4" failures="0" tests="2" name="orangehrmtestlogin.EmptyPasswordFieldWithCorrectOrIncorrectUsername" time="22.880" errors="0" timestamp="2024-03-19T11:12:17 IST" skipped="0">
  <testcase classname="orangehrmtestlogin.EmptyPasswordFieldWithCorrectOrIncorrectUsername" name="testEmptyPasswordWithCorrectUsername" time="5.901"/>
  <system-out/>
  <testcase classname="orangehrmtestlogin.EmptyPasswordFieldWithCorrectOrIncorrectUsername" name="testEmptyPasswordWithIncorrectUsername" time="16.979"/>
  <system-out/>
</testsuite> <!-- orangehrmtestlogin.EmptyPasswordFieldWithCorrectOrIncorrectUsername -->
