<?xml version="1.0" encoding="UTF-8"?>
<!-- Generated by org.testng.reporters.JUnitReportReporter -->
<testsuite hostname="DESKTOP-G0IBNG4" failures="0" tests="1" name="orangehrmtestlogin.ValidUsernameAndValidPasswordTest" time="18.552" errors="0" timestamp="2024-03-13T18:23:01 IST" skipped="0">
  <testcase classname="orangehrmtestlogin.ValidUsernameAndValidPasswordTest" name="testValidUsernameInvalidPassword" time="18.552"/>
  <system-out/>
</testsuite> <!-- orangehrmtestlogin.ValidUsernameAndValidPasswordTest -->
