<?xml version="1.0" encoding="UTF-8"?>
<!-- Generated by org.testng.reporters.JUnitReportReporter -->
<testsuite hostname="DESKTOP-G0IBNG4" failures="0" tests="1" name="orangehrmtestlogin.ValidUsernameAndInvalidPasswordLoginTest" time="9.461" errors="0" timestamp="2024-03-07T10:52:59 IST" skipped="0">
  <testcase classname="orangehrmtestlogin.ValidUsernameAndInvalidPasswordLoginTest" name="testValidUsernameInvalidPassword" time="9.461"/>
  <system-out/>
</testsuite> <!-- orangehrmtestlogin.ValidUsernameAndInvalidPasswordLoginTest -->
