<?xml version="1.0" encoding="UTF-8"?>
<!-- Generated by org.testng.reporters.JUnitReportReporter -->
<testsuite hostname="DESKTOP-G0IBNG4" failures="0" tests="2" name="orangehrmtestlogin.ForgotPasswordLinkTest" time="25.456" errors="0" timestamp="2024-03-11T16:53:32 IST" skipped="0">
  <testcase classname="orangehrmtestlogin.ForgotPasswordLinkTest" name="testForgotPasswordButton" time="16.109"/>
  <system-out/>
  <testcase classname="orangehrmtestlogin.ForgotPasswordLinkTest" name="testEmptyPasswordWithIncorrectUsername" time="9.347"/>
  <system-out/>
</testsuite> <!-- orangehrmtestlogin.ForgotPasswordLinkTest -->
