<?xml version="1.0" encoding="UTF-8"?>
<!-- Generated by org.testng.reporters.JUnitReportReporter -->
<testsuite hostname="DESKTOP-G0IBNG4" failures="0" tests="1" name="orangehrmtestlogin.ValidUsernameAndInvalidPasswordLoginTest" time="10.804" errors="0" timestamp="2024-03-11T16:23:16 IST" skipped="0">
  <testcase classname="orangehrmtestlogin.ValidUsernameAndInvalidPasswordLoginTest" name="testValidUsernameInvalidPassword" time="10.804"/>
  <system-out/>
</testsuite> <!-- orangehrmtestlogin.ValidUsernameAndInvalidPasswordLoginTest -->
