<?xml version="1.0" encoding="UTF-8"?>
<!-- Generated by org.testng.reporters.JUnitReportReporter -->
<testsuite hostname="DESKTOP-G0IBNG4" failures="0" tests="1" name="orangehrmtestlogin.InvalidUsernameAndValidPasswordLoginTest" time="9.433" errors="0" timestamp="2024-03-11T17:46:03 IST" skipped="0">
  <testcase classname="orangehrmtestlogin.InvalidUsernameAndValidPasswordLoginTest" name="testInvalidUsernameValidPassword" time="9.433"/>
  <system-out/>
</testsuite> <!-- orangehrmtestlogin.InvalidUsernameAndValidPasswordLoginTest -->
