<?xml version="1.0" encoding="UTF-8"?>
<!-- Generated by org.testng.reporters.JUnitReportReporter -->
<testsuite hostname="DESKTOP-G0IBNG4" failures="0" tests="2" name="orangehrmtestlogin.EmptyPasswordFieldWithCorrectOrIncorrectUsername" time="18.876" errors="0" timestamp="2024-03-11T17:44:03 IST" skipped="0">
  <testcase classname="orangehrmtestlogin.EmptyPasswordFieldWithCorrectOrIncorrectUsername" name="testEmptyPasswordWithCorrectUsername" time="9.371"/>
  <system-out/>
  <testcase classname="orangehrmtestlogin.EmptyPasswordFieldWithCorrectOrIncorrectUsername" name="testEmptyPasswordWithIncorrectUsername" time="9.505"/>
  <system-out/>
</testsuite> <!-- orangehrmtestlogin.EmptyPasswordFieldWithCorrectOrIncorrectUsername -->
