<?xml version="1.0" encoding="UTF-8"?>
<!-- Generated by org.testng.reporters.JUnitReportReporter -->
<testsuite hostname="DESKTOP-G0IBNG4" failures="0" tests="1" name="orangehrmtestlogin.ForgotPasswordLinkTest" time="16.055" errors="0" timestamp="2024-03-07T15:16:41 IST" skipped="0">
  <testcase classname="orangehrmtestlogin.ForgotPasswordLinkTest" name="testForgotPasswordButton" time="16.055"/>
  <system-out/>
</testsuite> <!-- orangehrmtestlogin.ForgotPasswordLinkTest -->
