<?xml version="1.0" encoding="UTF-8"?>
<!-- Generated by org.testng.reporters.JUnitReportReporter -->
<testsuite hostname="DESKTOP-G0IBNG4" failures="0" tests="1" name="orangehrmtestlogin.InvalidUsernameAndValidPasswordLoginTest" time="9.253" errors="0" timestamp="2024-03-06T15:10:13 IST" skipped="0">
  <testcase classname="orangehrmtestlogin.InvalidUsernameAndValidPasswordLoginTest" name="testInvalidUsernameValidPassword" time="9.253"/>
  <system-out/>
</testsuite> <!-- orangehrmtestlogin.InvalidUsernameAndValidPasswordLoginTest -->
