<?xml version="1.0" encoding="UTF-8"?>
<!-- Generated by org.testng.reporters.JUnitReportReporter -->
<testsuite hostname="DESKTOP-G0IBNG4" failures="0" tests="1" name="orangehrmtestlogin.InvalidUsernameAndInvalidPasswordLoginTest" time="5.933" errors="0" timestamp="2024-03-19T11:13:27 IST" skipped="0">
  <testcase classname="orangehrmtestlogin.InvalidUsernameAndInvalidPasswordLoginTest" name="testInvalidUsernameAndInvalidPassword" time="5.933"/>
  <system-out/>
</testsuite> <!-- orangehrmtestlogin.InvalidUsernameAndInvalidPasswordLoginTest -->
