<?xml version="1.0" encoding="UTF-8"?>
<!-- Generated by org.testng.reporters.JUnitReportReporter -->
<testsuite hostname="DESKTOP-G0IBNG4" failures="0" tests="2" name="orangehrmtestlogin.EmptyUsernameFieldWithCorrectOrIncorrectPassword" time="18.842" errors="0" timestamp="2024-03-11T17:00:48 IST" skipped="0">
  <testcase classname="orangehrmtestlogin.EmptyUsernameFieldWithCorrectOrIncorrectPassword" name="testEmptyPasswordWithCorrectUsername" time="9.401"/>
  <system-out/>
  <testcase classname="orangehrmtestlogin.EmptyUsernameFieldWithCorrectOrIncorrectPassword" name="testEmptyPasswordWithIncorrectUsername" time="9.441"/>
  <system-out/>
</testsuite> <!-- orangehrmtestlogin.EmptyUsernameFieldWithCorrectOrIncorrectPassword -->
