<?xml version="1.0" encoding="UTF-8"?>
<!-- Generated by org.testng.reporters.JUnitReportReporter -->
<testsuite hostname="DESKTOP-G0IBNG4" failures="0" tests="1" name="orangehrmtestlogin.ValidUsernameAndInvalidPasswordLoginTest" time="12.914" errors="0" timestamp="2024-03-13T18:22:37 IST" skipped="0">
  <testcase classname="orangehrmtestlogin.ValidUsernameAndInvalidPasswordLoginTest" name="testValidUsernameInvalidPassword" time="12.914"/>
  <system-out/>
</testsuite> <!-- orangehrmtestlogin.ValidUsernameAndInvalidPasswordLoginTest -->
