<?xml version="1.0" encoding="UTF-8"?>
<!-- Generated by org.testng.reporters.JUnitReportReporter -->
<testsuite hostname="DESKTOP-G0IBNG4" failures="0" tests="2" name="orangehrmtestlogin.EmptyUsernameFieldWithCorrectOrIncorrectPassword" time="19.072" errors="0" timestamp="2024-03-07T12:00:40 IST" skipped="0">
  <testcase classname="orangehrmtestlogin.EmptyUsernameFieldWithCorrectOrIncorrectPassword" name="testEmptyPasswordWithCorrectUsername" time="9.531"/>
  <system-out/>
  <testcase classname="orangehrmtestlogin.EmptyUsernameFieldWithCorrectOrIncorrectPassword" name="testEmptyPasswordWithIncorrectUsername" time="9.541"/>
  <system-out/>
</testsuite> <!-- orangehrmtestlogin.EmptyUsernameFieldWithCorrectOrIncorrectPassword -->
