<?xml version="1.0" encoding="UTF-8"?>
<!-- Generated by org.testng.reporters.JUnitReportReporter -->
<testsuite hostname="DESKTOP-G0IBNG4" failures="0" tests="1" name="orangehrmtestlogin.InvalidUsernameAndValidPasswordLoginTest" time="12.938" errors="0" timestamp="2024-03-18T11:11:01 IST" skipped="0">
  <testcase classname="orangehrmtestlogin.InvalidUsernameAndValidPasswordLoginTest" name="testInvalidUsernameAndValidPassword" time="12.938"/>
</testsuite> <!-- orangehrmtestlogin.InvalidUsernameAndValidPasswordLoginTest -->
