<?xml version="1.0" encoding="UTF-8"?>
<!-- Generated by org.testng.reporters.JUnitReportReporter -->
<testsuite hostname="DESKTOP-G0IBNG4" failures="0" tests="1" name="orangehrmtestlogin.ValidUsernameAndValidPasswordTest" time="20.757" errors="0" timestamp="2024-03-18T11:11:01 IST" skipped="0">
  <testcase classname="orangehrmtestlogin.ValidUsernameAndValidPasswordTest" name="testValidUsernameInvalidPassword" time="20.757"/>
</testsuite> <!-- orangehrmtestlogin.ValidUsernameAndValidPasswordTest -->
